<?xml version="1.0" encoding="UTF-8"?>
<!-- Generated by org.testng.reporters.JUnitReportReporter -->
<testsuite hostname="DESKTOP-LBMA54R" failures="0" tests="1" name="dockerTest.FirefoxTest1" time="29.203" errors="0" timestamp="2021-11-10T15:53:26 EST" skipped="0">
  <testcase classname="dockerTest.FirefoxTest1" name="test1" time="29.203"/>
  <system-out/>
</testsuite> <!-- dockerTest.FirefoxTest1 -->
