<?xml version="1.0" encoding="UTF-8"?>
<!-- Generated by org.testng.reporters.JUnitReportReporter -->
<testsuite hostname="DESKTOP-LBMA54R" failures="0" tests="1" name="dockerTest.ChromeTest1" time="7.312" errors="0" timestamp="2021-11-10T15:53:26 EST" skipped="0">
  <testcase classname="dockerTest.ChromeTest1" name="test1" time="7.312"/>
  <system-out/>
</testsuite> <!-- dockerTest.ChromeTest1 -->
